\BOOKMARK [0][]{chapter.1}{\376\377\0001\000\040\145\160\133\146\124\214\162\151\164\006\127\372\170\100}{}% 1
\BOOKMARK [1][]{section.1.1}{\376\377\0001\000.\0001\000\040\176\277\140\047\123\330\143\142}{chapter.1}% 2
\BOOKMARK [2][]{subsection.1.1.1}{\376\377\0001\000.\0001\000.\0001\000\040\176\277\140\047\166\370\121\163}{section.1.1}% 3
\BOOKMARK [2][]{subsection.1.1.2}{\376\377\0001\000.\0001\000.\0002\000\040\162\171\137\201\120\074\116\016\162\171\137\201\124\021\221\317}{section.1.1}% 4
\BOOKMARK [2][]{subsection.1.1.3}{\376\377\0001\000.\0001\000.\0003\000\040\176\277\140\047\116\343\145\160\121\340\117\125\141\017\116\111}{section.1.1}% 5
\BOOKMARK [1][]{section.1.2}{\376\377\0001\000.\0002\000\040\213\357\135\356\122\006\147\220}{chapter.1}% 6
\BOOKMARK [1][]{section.1.3}{\376\377\0001\000.\0003\000\040\162\171\153\212\121\375\145\160}{chapter.1}% 7
\BOOKMARK [1][]{section.1.4}{\376\377\0001\000.\0004\000\040\120\117\137\256\122\006\145\271\172\013}{chapter.1}% 8
\BOOKMARK [1][]{section.1.5}{\376\377\0001\000.\0005\000\040\163\273\134\024\121\171\146\374\122\006\136\003}{chapter.1}% 9
\BOOKMARK [0][]{chapter.2}{\376\377\0002\000\040\145\160\164\006\176\337\213\241\127\372\170\100}{}% 10
\BOOKMARK [1][]{section.2.1}{\376\377\0002\000.\0001\000\040\151\202\163\207}{chapter.2}% 11
\BOOKMARK [1][]{section.2.2}{\376\377\0002\000.\0002\000\040\123\125\123\330\221\317\122\006\136\003\124\214\131\032\123\330\221\317\122\006\136\003}{chapter.2}% 12
\BOOKMARK [1][]{section.2.3}{\376\377\0002\000.\0003\000\040\226\217\147\072\123\330\221\317\166\204\145\160\133\146\162\171\137\201}{chapter.2}% 13
\BOOKMARK [2][]{subsection.2.3.1}{\376\377\0002\000.\0003\000.\0001\000\040\145\160\133\146\147\037\147\033\116\016\145\271\135\356}{section.2.3}% 14
\BOOKMARK [2][]{subsection.2.3.2}{\376\377\0002\000.\0003\000.\0002\000\040\167\351\124\214\123\117\145\271\135\356\167\351\226\065}{section.2.3}% 15
\BOOKMARK [2][]{subsection.2.3.3}{\376\377\0002\000.\0003\000.\0003\000\040\131\032\121\103\153\143\140\001\122\006\136\003\123\312\123\117\145\271\135\356\167\351\226\065\166\204\166\364\211\302\164\006\211\343}{section.2.3}% 16
\BOOKMARK [1][]{section.2.4}{\376\377\0002\000.\0004\000\040\136\070\211\301\122\006\136\003\123\312\121\166\147\037\147\033\145\271\135\356}{chapter.2}% 17
\BOOKMARK [2][]{subsection.2.4.1}{\376\377\0002\000.\0004\000.\0001\000\040\171\273\145\143\127\213\122\006\136\003}{section.2.4}% 18
\BOOKMARK [2][]{subsection.2.4.2}{\376\377\0002\000.\0004\000.\0002\000\040\217\336\176\355\127\213\122\006\136\003}{section.2.4}% 19
\BOOKMARK [1][]{section.2.5}{\376\377\0002\000.\0005\000\040\131\047\145\160\133\232\137\213\116\016\145\160\164\006\176\337\213\241}{chapter.2}% 20
\BOOKMARK [1][]{section.2.6}{\376\377\0002\000.\0006\000\040\213\357\135\356\117\040\220\022}{chapter.2}% 21
\BOOKMARK [1][]{section.2.7}{\376\377\0002\000.\0007\000\040\123\302\145\160\117\060\213\241}{chapter.2}% 22
\BOOKMARK [1][]{section.2.8}{\376\377\0002\000.\0008\000\040\120\107\213\276\150\300\232\214}{chapter.2}% 23
\BOOKMARK [0][]{chapter.3}{\376\377\0003\000\040\215\035\123\366\145\257\176\337\213\241}{}% 24
\BOOKMARK [1][]{section.3.1}{\376\377\0003\000.\0001\000\040\215\035\123\366\145\257\133\232\164\006}{chapter.3}% 25
\BOOKMARK [1][]{section.3.2}{\376\377\0003\000.\0002\000\040\215\035\123\366\145\257\123\125\123\302\145\160\117\060\213\241}{chapter.3}% 26
\BOOKMARK [2][]{subsection.3.2.1}{\376\377\0003\000.\0002\000.\0001\000\040\116\214\230\171\122\006\136\003\117\060\213\241}{section.3.2}% 27
\BOOKMARK [2][]{subsection.3.2.2}{\376\377\0003\000.\0002\000.\0002\000\040\153\143\140\001\122\006\136\003\123\302\145\160\117\060\213\241}{section.3.2}% 28
\BOOKMARK [1][]{section.3.3}{\376\377\0003\000.\0003\000\040\215\035\123\366\145\257\131\032\123\302\145\160\152\041\127\213}{chapter.3}% 29
\BOOKMARK [2][]{subsection.3.3.1}{\376\377\0003\000.\0003\000.\0001\000\040\131\032\123\302\145\160\152\041\127\213\131\004\164\006}{section.3.3}% 30
\BOOKMARK [2][]{subsection.3.3.2}{\376\377\0003\000.\0003\000.\0002\000\040\145\340\117\341\140\157\121\110\232\214\166\204\153\143\140\001\122\006\136\003}{section.3.3}% 31
\BOOKMARK [2][]{subsection.3.3.3}{\376\377\0003\000.\0003\000.\0003\000\040\121\161\217\155\121\110\232\214\122\006\136\003}{section.3.3}% 32
\BOOKMARK [1][]{section.3.4}{\376\377\0003\000.\0004\000\040\134\102\153\041\123\026\215\035\123\366\145\257\152\041\127\213}{chapter.3}% 33
\BOOKMARK [2][]{subsection.3.4.1}{\376\377\0003\000.\0004\000.\0001\000\040\123\302\145\160\123\026\121\110\232\214\122\006\136\003}{section.3.4}% 34
\BOOKMARK [2][]{subsection.3.4.2}{\376\377\0003\000.\0004\000.\0002\000\040\116\214\230\171\122\006\136\003\166\204\122\006\134\102\215\035\123\366\145\257\152\041\127\213}{section.3.4}% 35
\BOOKMARK [2][]{subsection.3.4.3}{\376\377\0003\000.\0004\000.\0003\000\040\153\143\140\001\122\006\136\003\166\204\122\006\134\102\215\035\123\366\145\257\152\041\127\213}{section.3.4}% 36
\BOOKMARK [1][]{section.3.5}{\376\377\0003\000.\0005\000\040\215\035\123\366\145\257\126\336\137\122}{chapter.3}% 37
\BOOKMARK [1][]{section.3.6}{\376\377\0003\000.\0006\000\040\215\035\123\366\145\257\152\041\127\213\220\011\142\351}{chapter.3}% 38
\BOOKMARK [1][]{section.3.7}{\376\377\0003\000.\0007\000\040\215\071\202\015\134\024\117\341\140\157\167\351\226\065\000F\000i\000s\000h\000e\000r\000\040\000I\000n\000f\000o\000r\000m\000a\000t\000i\000o\000n}{chapter.3}% 39
\BOOKMARK [0][]{chapter.4}{\376\377\0004\000\040\226\217\147\072\217\307\172\013}{}% 40
\BOOKMARK [1][]{section.4.1}{\376\377\0004\000.\0001\000\040\226\217\147\072\217\307\172\013\123\312\121\166\176\337\213\241\143\317\217\360}{chapter.4}% 41
\BOOKMARK [1][]{section.4.2}{\376\377\0004\000.\0002\000\040\136\163\172\063\226\217\147\072\217\307\172\013}{chapter.4}% 42
\BOOKMARK [1][]{section.4.3}{\376\377\0004\000.\0003\000\040\232\154\134\024\171\321\131\053\224\376}{chapter.4}% 43
\BOOKMARK [0][]{chapter.5}{\376\377\0005\000\040\000M\000C\000M\000C}{}% 44
\BOOKMARK [1][]{section.5.1}{\376\377\0005\000.\0001\000\040\204\231\162\171\123\141\177\127\154\325\000\040\000M\000o\000n\000t\000e\000\040\000C\000a\000r\000l\000o\000\040\000M\000e\000t\000h\000o\000d}{chapter.5}% 45
\BOOKMARK [2][]{subsection.5.1.1}{\376\377\0005\000.\0001\000.\0001\000\040\226\217\147\072\221\307\150\067\124\214\143\245\123\327\000-\142\322\176\335\221\307\150\067}{section.5.1}% 46
\BOOKMARK [2][]{subsection.5.1.2}{\376\377\0005\000.\0001\000.\0002\000\040\145\160\133\146\147\037\147\033\124\214\204\231\162\171\123\141\177\127\171\357\122\006}{section.5.1}% 47
\BOOKMARK [1][]{section.5.2}{\376\377\0005\000.\0002\000\040\204\231\162\171\123\141\177\127\154\325\000\040\000M\000o\000n\000t\000e\000\040\000C\000a\000r\000l\000o\000\040\000M\000e\000t\000h\000o\000d}{chapter.5}% 48
\BOOKMARK [2][]{subsection.5.2.1}{\376\377\0005\000.\0002\000.\0001\000\040\226\217\147\072\221\307\150\067\124\214\143\245\123\327\000-\142\322\176\335\221\307\150\067}{section.5.2}% 49
\BOOKMARK [2][]{subsection.5.2.2}{\376\377\0005\000.\0002\000.\0002\000\040\145\160\133\146\147\037\147\033\124\214\204\231\162\171\123\141\177\127\171\357\122\006}{section.5.2}% 50
\BOOKMARK [1][]{section.5.3}{\376\377\0005\000.\0003\000\040\000M\000C\000M\000C\123\237\164\006}{chapter.5}% 51
\BOOKMARK [2][]{subsection.5.3.1}{\376\377\0005\000.\0003\000.\0001\000\040\000M\000C\000M\000C\123\237\164\006}{section.5.3}% 52
\BOOKMARK [2][]{subsection.5.3.2}{\376\377\0005\000.\0003\000.\0002\000\040\000M\000C\000M\000C\173\227\154\325}{section.5.3}% 53
\BOOKMARK [1][]{section.5.4}{\376\377\0005\000.\0004\000\040\000M\000e\000t\000r\000o\000p\000o\000l\000i\000s\000-\000H\000a\000s\000t\000i\000n\000g\000s\221\307\150\067}{chapter.5}% 54
\BOOKMARK [2][]{subsection.5.4.1}{\376\377\0005\000.\0004\000.\0001\000\040\000M\000-\000H\221\307\150\067\123\237\164\006}{section.5.4}% 55
\BOOKMARK [2][]{subsection.5.4.2}{\376\377\0005\000.\0004\000.\0002\000\040\000M\000-\000H\221\307\150\067\173\227\154\325}{section.5.4}% 56
\BOOKMARK [1][]{section.5.5}{\376\377\0005\000.\0005\000\040\124\011\136\003\145\257\221\307\150\067}{chapter.5}% 57
\BOOKMARK [2][]{subsection.5.5.1}{\376\377\0005\000.\0005\000.\0001\000\040\156\341\147\141\116\366\122\006\136\003}{section.5.5}% 58
\BOOKMARK [2][]{subsection.5.5.2}{\376\377\0005\000.\0005\000.\0002\000\040\000G\000i\000b\000b\000s\221\307\150\067\123\237\164\006}{section.5.5}% 59
\BOOKMARK [2][]{subsection.5.5.3}{\376\377\0005\000.\0005\000.\0003\000\040\000G\000i\000b\000b\000s\221\307\150\067\173\227\154\325}{section.5.5}% 60
\BOOKMARK [1][]{section.5.6}{\376\377\0005\000.\0006\000\040\000N\000e\000s\000t\000e\000d\221\307\150\067}{chapter.5}% 61
\BOOKMARK [1][]{section.5.7}{\376\377\0005\000.\0007\000\040\145\160\120\074\215\035\123\366\145\257\145\271\154\325}{chapter.5}% 62
\BOOKMARK [0][]{chapter.6}{\376\377\0006\000\040\232\330\145\257\226\217\147\072\217\307\172\013}{}% 63
\BOOKMARK [1][]{section.6.1}{\376\377\0006\000.\0001\000\040\232\330\145\257\226\217\147\072\217\307\172\013\123\312\121\166\176\337\213\241\143\317\217\360}{chapter.6}% 64
\BOOKMARK [1][]{section.6.2}{\376\377\0006\000.\0002\000\040\150\070\133\306\136\246\117\060\213\241}{chapter.6}% 65
\BOOKMARK [1][]{section.6.3}{\376\377\0006\000.\0003\000\040\232\330\145\257\155\367\124\010\152\041\127\213}{chapter.6}% 66
\BOOKMARK [1][]{section.6.4}{\376\377\0006\000.\0004\000\040\232\330\145\257\133\146\116\140}{chapter.6}% 67
\BOOKMARK [0][]{chapter.7}{\376\377\0007\000\040\176\337\213\241\173\227\154\325}{}% 68
\BOOKMARK [1][]{section.7.1}{\376\377\0007\000.\0001\000\040\131\107\137\002\120\074\122\006\211\343\123\312\116\073\142\020\122\006\122\006\147\220}{chapter.7}% 69
\BOOKMARK [1][]{section.7.2}{\376\377\0007\000.\0002\000\040\220\000\160\153\173\227\154\325}{chapter.7}% 70
\BOOKMARK [1][]{section.7.3}{\376\377\0007\000.\0003\000\040\220\127\117\040\173\227\154\325}{chapter.7}% 71
\BOOKMARK [1][]{section.7.4}{\376\377\0007\000.\0004\000\040\145\057\143\001\124\021\221\317\147\072}{chapter.7}% 72
\BOOKMARK [1][]{section.7.5}{\376\377\0007\000.\0005\000\040\200\132\174\173\173\227\154\325}{chapter.7}% 73
\BOOKMARK [1][]{section.7.6}{\376\377\0007\000.\0006\000\040\173\200\123\125\166\204\171\136\176\317\177\121\176\334}{chapter.7}% 74
